<?xml version="1.0" encoding="UTF-8"?>
<!-- Generated by org.testng.reporters.JUnitReportReporter -->
<testsuite skipped="0" hostname="AIPL2654LT04778" name="Automation.MavenProject.Java1" tests="1" failures="0" timestamp="2020-06-01T14:21:00 IST" time="0.032" errors="0">
  <testcase name="Test1" time="0.032" classname="Automation.MavenProject.Java1"/>
  <system-out/>
</testsuite> <!-- Automation.MavenProject.Java1 -->
