<?xml version="1.0" encoding="UTF-8"?>
<!-- Generated by org.testng.reporters.JUnitReportReporter -->
<testsuite skipped="0" hostname="AIPL2654LT04778" name="Automation.MavenProject.Java2" tests="3" failures="0" timestamp="2020-06-01T14:15:16 IST" time="0.030" errors="0">
  <testcase name="Test2" time="0.003" classname="Automation.MavenProject.Java2"/>
  <system-out/>
  <testcase name="Test1" time="0.023" classname="Automation.MavenProject.Java2"/>
  <system-out/>
  <testcase name="Test3" time="0.004" classname="Automation.MavenProject.Java2"/>
  <system-out/>
</testsuite> <!-- Automation.MavenProject.Java2 -->
