<?xml version="1.0" encoding="UTF-8"?>
<!-- Generated by org.testng.reporters.JUnitReportReporter -->
<testsuite skipped="0" hostname="AIPL2654LT04778" name="Automation.MavenProject.Java1Test" tests="3" failures="0" timestamp="02 Jun 2020 12:13:12 GMT" time="0.012" errors="0">
  <testcase name="Test1" time="0.011" classname="Automation.MavenProject.Java1Test"/>
  <testcase name="Test2" time="0.001" classname="Automation.MavenProject.Java1Test"/>
  <testcase name="Test3" time="0.000" classname="Automation.MavenProject.Java1Test"/>
</testsuite> <!-- Automation.MavenProject.Java1Test -->
