<?xml version="1.0" encoding="UTF-8"?>
<!-- Generated by org.testng.reporters.JUnitReportReporter -->
<testsuite skipped="0" hostname="AIPL2654LT04778" name="Automation.MavenProject.MyJavaFiles2" tests="2" failures="0" timestamp="02 Jun 2020 12:13:13 GMT" time="0.000" errors="0">
  <testcase name="fileTest2" time="0.000" classname="Automation.MavenProject.MyJavaFiles2"/>
  <testcase name="fileTest1" time="0.000" classname="Automation.MavenProject.MyJavaFiles2"/>
</testsuite> <!-- Automation.MavenProject.MyJavaFiles2 -->
